build/app/intermediates/manifest_merge_blame_file/release/processReleaseMainManifest/manifest-merger-blame-release-report.txt
1<?xml version="1.0" encoding="utf-8"?>
2<manifest xmlns:android="http://schemas.android.com/apk/res/android"
3    package="com.example.note_app2"
4    android:versionCode="1"
5    android:versionName="1.0.0" >
6
7    <uses-sdk
8        android:minSdkVersion="23"
9        android:targetSdkVersion="35" />
10
11    <uses-permission android:name="android.permission.INTERNET" />
11-->src/main/AndroidManifest.xml:2:5-66
11-->src/main/AndroidManifest.xml:2:22-64
12    <!--
13         Required to query activities that can process text, see:
14         https://developer.android.com/training/package-visibility and
15         https://developer.android.com/reference/android/content/Intent#ACTION_PROCESS_TEXT.
16
17         In particular, this is used by the Flutter engine in io.flutter.plugin.text.ProcessTextPlugin.
18    -->
19    <queries>
19-->src/main/AndroidManifest.xml:40:5-45:15
20        <intent>
20-->src/main/AndroidManifest.xml:41:9-44:18
21            <action android:name="android.intent.action.PROCESS_TEXT" />
21-->src/main/AndroidManifest.xml:42:13-72
21-->src/main/AndroidManifest.xml:42:21-70
22
23            <data android:mimeType="text/plain" />
23-->src/main/AndroidManifest.xml:43:13-50
23-->src/main/AndroidManifest.xml:43:19-48
24        </intent>
25    </queries>
26    <!-- Although the *SdkVersion is captured in gradle build files, this is required for non gradle builds -->
27    <!-- <uses-sdk android:minSdkVersion="21" /> -->
28    <uses-permission android:name="android.permission.ACCESS_NETWORK_STATE" />
28-->[com.google.firebase:firebase-firestore:25.1.4] AndroidManifest.xml:10:5-79
28-->[com.google.firebase:firebase-firestore:25.1.4] AndroidManifest.xml:10:22-76
29    <uses-permission android:name="android.permission.WAKE_LOCK" />
29-->[com.google.android.gms:play-services-measurement-api:22.4.0] AndroidManifest.xml:24:5-68
29-->[com.google.android.gms:play-services-measurement-api:22.4.0] AndroidManifest.xml:24:22-65
30    <uses-permission android:name="com.google.android.gms.permission.AD_ID" />
30-->[com.google.android.gms:play-services-measurement-api:22.4.0] AndroidManifest.xml:25:5-79
30-->[com.google.android.gms:play-services-measurement-api:22.4.0] AndroidManifest.xml:25:22-76
31    <uses-permission android:name="android.permission.ACCESS_ADSERVICES_ATTRIBUTION" />
31-->[com.google.android.gms:play-services-measurement-api:22.4.0] AndroidManifest.xml:26:5-88
31-->[com.google.android.gms:play-services-measurement-api:22.4.0] AndroidManifest.xml:26:22-85
32    <uses-permission android:name="android.permission.ACCESS_ADSERVICES_AD_ID" />
32-->[com.google.android.gms:play-services-measurement-api:22.4.0] AndroidManifest.xml:27:5-82
32-->[com.google.android.gms:play-services-measurement-api:22.4.0] AndroidManifest.xml:27:22-79
33    <uses-permission android:name="com.google.android.finsky.permission.BIND_GET_INSTALL_REFERRER_SERVICE" />
33-->[com.google.android.gms:play-services-measurement:22.4.0] AndroidManifest.xml:26:5-110
33-->[com.google.android.gms:play-services-measurement:22.4.0] AndroidManifest.xml:26:22-107
34    <uses-permission android:name="com.google.android.providers.gsf.permission.READ_GSERVICES" />
34-->[com.google.android.recaptcha:recaptcha:18.6.1] AndroidManifest.xml:9:5-98
34-->[com.google.android.recaptcha:recaptcha:18.6.1] AndroidManifest.xml:9:22-95
35
36    <permission
36-->[androidx.core:core:1.13.1] AndroidManifest.xml:22:5-24:47
37        android:name="com.example.note_app2.DYNAMIC_RECEIVER_NOT_EXPORTED_PERMISSION"
37-->[androidx.core:core:1.13.1] AndroidManifest.xml:23:9-81
38        android:protectionLevel="signature" />
38-->[androidx.core:core:1.13.1] AndroidManifest.xml:24:9-44
39
40    <uses-permission android:name="com.example.note_app2.DYNAMIC_RECEIVER_NOT_EXPORTED_PERMISSION" />
40-->[androidx.core:core:1.13.1] AndroidManifest.xml:26:5-97
40-->[androidx.core:core:1.13.1] AndroidManifest.xml:26:22-94
41
42    <application
43        android:name="android.app.Application"
43-->src/main/AndroidManifest.xml:5:9-42
44        android:appComponentFactory="androidx.core.app.CoreComponentFactory"
44-->[androidx.core:core:1.13.1] AndroidManifest.xml:28:18-86
45        android:extractNativeLibs="false"
46        android:icon="@mipmap/ic_launcher"
46-->src/main/AndroidManifest.xml:6:9-43
47        android:label="note_app2" >
47-->src/main/AndroidManifest.xml:4:9-34
48        <activity
48-->src/main/AndroidManifest.xml:7:9-28:20
49            android:name="com.example.note_app2.MainActivity"
49-->src/main/AndroidManifest.xml:8:13-41
50            android:configChanges="orientation|keyboardHidden|keyboard|screenSize|smallestScreenSize|locale|layoutDirection|fontScale|screenLayout|density|uiMode"
50-->src/main/AndroidManifest.xml:13:13-163
51            android:exported="true"
51-->src/main/AndroidManifest.xml:9:13-36
52            android:hardwareAccelerated="true"
52-->src/main/AndroidManifest.xml:14:13-47
53            android:launchMode="singleTop"
53-->src/main/AndroidManifest.xml:10:13-43
54            android:taskAffinity=""
54-->src/main/AndroidManifest.xml:11:13-36
55            android:theme="@style/LaunchTheme"
55-->src/main/AndroidManifest.xml:12:13-47
56            android:windowSoftInputMode="adjustResize" >
56-->src/main/AndroidManifest.xml:15:13-55
57
58            <!--
59                 Specifies an Android theme to apply to this Activity as soon as
60                 the Android process has started. This theme is visible to the user
61                 while the Flutter UI initializes. After that, this theme continues
62                 to determine the Window background behind the Flutter UI.
63            -->
64            <meta-data
64-->src/main/AndroidManifest.xml:20:13-23:17
65                android:name="io.flutter.embedding.android.NormalTheme"
65-->src/main/AndroidManifest.xml:21:15-70
66                android:resource="@style/NormalTheme" />
66-->src/main/AndroidManifest.xml:22:15-52
67
68            <intent-filter>
68-->src/main/AndroidManifest.xml:24:13-27:29
69                <action android:name="android.intent.action.MAIN" />
69-->src/main/AndroidManifest.xml:25:17-68
69-->src/main/AndroidManifest.xml:25:25-66
70
71                <category android:name="android.intent.category.LAUNCHER" />
71-->src/main/AndroidManifest.xml:26:17-76
71-->src/main/AndroidManifest.xml:26:27-74
72            </intent-filter>
73        </activity>
74        <!--
75             Don't delete the meta-data below.
76             This is used by the Flutter tool to generate GeneratedPluginRegistrant.java
77        -->
78        <meta-data
78-->src/main/AndroidManifest.xml:31:9-33:33
79            android:name="flutterEmbedding"
79-->src/main/AndroidManifest.xml:32:13-44
80            android:value="2" />
80-->src/main/AndroidManifest.xml:33:13-30
81
82        <service
82-->[:cloud_firestore] AndroidManifest.xml:8:9-12:19
83            android:name="com.google.firebase.components.ComponentDiscoveryService"
83-->[:cloud_firestore] AndroidManifest.xml:8:18-89
84            android:directBootAware="true"
84-->[com.google.firebase:firebase-common:21.0.0] AndroidManifest.xml:32:13-43
85            android:exported="false" >
85-->[com.google.firebase:firebase-firestore:25.1.4] AndroidManifest.xml:16:13-37
86            <meta-data
86-->[:cloud_firestore] AndroidManifest.xml:9:13-11:85
87                android:name="com.google.firebase.components:io.flutter.plugins.firebase.firestore.FlutterFirebaseFirestoreRegistrar"
87-->[:cloud_firestore] AndroidManifest.xml:10:17-134
88                android:value="com.google.firebase.components.ComponentRegistrar" />
88-->[:cloud_firestore] AndroidManifest.xml:11:17-82
89            <meta-data
89-->[:firebase_auth] AndroidManifest.xml:9:13-11:85
90                android:name="com.google.firebase.components:io.flutter.plugins.firebase.auth.FlutterFirebaseAuthRegistrar"
90-->[:firebase_auth] AndroidManifest.xml:10:17-124
91                android:value="com.google.firebase.components.ComponentRegistrar" />
91-->[:firebase_auth] AndroidManifest.xml:11:17-82
92            <meta-data
92-->[:firebase_core] AndroidManifest.xml:9:13-11:85
93                android:name="com.google.firebase.components:io.flutter.plugins.firebase.core.FlutterFirebaseCoreRegistrar"
93-->[:firebase_core] AndroidManifest.xml:10:17-124
94                android:value="com.google.firebase.components.ComponentRegistrar" />
94-->[:firebase_core] AndroidManifest.xml:11:17-82
95            <meta-data
95-->[com.google.firebase:firebase-firestore:25.1.4] AndroidManifest.xml:17:13-19:85
96                android:name="com.google.firebase.components:com.google.firebase.firestore.FirebaseFirestoreKtxRegistrar"
96-->[com.google.firebase:firebase-firestore:25.1.4] AndroidManifest.xml:18:17-122
97                android:value="com.google.firebase.components.ComponentRegistrar" />
97-->[com.google.firebase:firebase-firestore:25.1.4] AndroidManifest.xml:19:17-82
98            <meta-data
98-->[com.google.firebase:firebase-firestore:25.1.4] AndroidManifest.xml:20:13-22:85
99                android:name="com.google.firebase.components:com.google.firebase.firestore.FirestoreRegistrar"
99-->[com.google.firebase:firebase-firestore:25.1.4] AndroidManifest.xml:21:17-111
100                android:value="com.google.firebase.components.ComponentRegistrar" />
100-->[com.google.firebase:firebase-firestore:25.1.4] AndroidManifest.xml:22:17-82
101            <meta-data
101-->[com.google.firebase:firebase-auth:23.2.0] AndroidManifest.xml:69:13-71:85
102                android:name="com.google.firebase.components:com.google.firebase.auth.FirebaseAuthRegistrar"
102-->[com.google.firebase:firebase-auth:23.2.0] AndroidManifest.xml:70:17-109
103                android:value="com.google.firebase.components.ComponentRegistrar" />
103-->[com.google.firebase:firebase-auth:23.2.0] AndroidManifest.xml:71:17-82
104            <meta-data
104-->[com.google.android.gms:play-services-measurement-api:22.4.0] AndroidManifest.xml:33:13-35:85
105                android:name="com.google.firebase.components:com.google.firebase.analytics.connector.internal.AnalyticsConnectorRegistrar"
105-->[com.google.android.gms:play-services-measurement-api:22.4.0] AndroidManifest.xml:34:17-139
106                android:value="com.google.firebase.components.ComponentRegistrar" />
106-->[com.google.android.gms:play-services-measurement-api:22.4.0] AndroidManifest.xml:35:17-82
107            <meta-data
107-->[com.google.firebase:firebase-installations:18.0.0] AndroidManifest.xml:15:13-17:85
108                android:name="com.google.firebase.components:com.google.firebase.installations.FirebaseInstallationsKtxRegistrar"
108-->[com.google.firebase:firebase-installations:18.0.0] AndroidManifest.xml:16:17-130
109                android:value="com.google.firebase.components.ComponentRegistrar" />
109-->[com.google.firebase:firebase-installations:18.0.0] AndroidManifest.xml:17:17-82
110            <meta-data
110-->[com.google.firebase:firebase-installations:18.0.0] AndroidManifest.xml:18:13-20:85
111                android:name="com.google.firebase.components:com.google.firebase.installations.FirebaseInstallationsRegistrar"
111-->[com.google.firebase:firebase-installations:18.0.0] AndroidManifest.xml:19:17-127
112                android:value="com.google.firebase.components.ComponentRegistrar" />
112-->[com.google.firebase:firebase-installations:18.0.0] AndroidManifest.xml:20:17-82
113            <meta-data
113-->[com.google.firebase:firebase-common-ktx:21.0.0] AndroidManifest.xml:12:13-14:85
114                android:name="com.google.firebase.components:com.google.firebase.ktx.FirebaseCommonLegacyRegistrar"
114-->[com.google.firebase:firebase-common-ktx:21.0.0] AndroidManifest.xml:13:17-116
115                android:value="com.google.firebase.components.ComponentRegistrar" />
115-->[com.google.firebase:firebase-common-ktx:21.0.0] AndroidManifest.xml:14:17-82
116            <meta-data
116-->[com.google.firebase:firebase-common:21.0.0] AndroidManifest.xml:35:13-37:85
117                android:name="com.google.firebase.components:com.google.firebase.FirebaseCommonKtxRegistrar"
117-->[com.google.firebase:firebase-common:21.0.0] AndroidManifest.xml:36:17-109
118                android:value="com.google.firebase.components.ComponentRegistrar" />
118-->[com.google.firebase:firebase-common:21.0.0] AndroidManifest.xml:37:17-82
119        </service>
120
121        <activity
121-->[com.google.firebase:firebase-auth:23.2.0] AndroidManifest.xml:29:9-46:20
122            android:name="com.google.firebase.auth.internal.GenericIdpActivity"
122-->[com.google.firebase:firebase-auth:23.2.0] AndroidManifest.xml:30:13-80
123            android:excludeFromRecents="true"
123-->[com.google.firebase:firebase-auth:23.2.0] AndroidManifest.xml:31:13-46
124            android:exported="true"
124-->[com.google.firebase:firebase-auth:23.2.0] AndroidManifest.xml:32:13-36
125            android:launchMode="singleTask"
125-->[com.google.firebase:firebase-auth:23.2.0] AndroidManifest.xml:33:13-44
126            android:theme="@android:style/Theme.Translucent.NoTitleBar" >
126-->[com.google.firebase:firebase-auth:23.2.0] AndroidManifest.xml:34:13-72
127            <intent-filter>
127-->[com.google.firebase:firebase-auth:23.2.0] AndroidManifest.xml:35:13-45:29
128                <action android:name="android.intent.action.VIEW" />
128-->[com.google.firebase:firebase-auth:23.2.0] AndroidManifest.xml:36:17-69
128-->[com.google.firebase:firebase-auth:23.2.0] AndroidManifest.xml:36:25-66
129
130                <category android:name="android.intent.category.DEFAULT" />
130-->[com.google.firebase:firebase-auth:23.2.0] AndroidManifest.xml:38:17-76
130-->[com.google.firebase:firebase-auth:23.2.0] AndroidManifest.xml:38:27-73
131                <category android:name="android.intent.category.BROWSABLE" />
131-->[com.google.firebase:firebase-auth:23.2.0] AndroidManifest.xml:39:17-78
131-->[com.google.firebase:firebase-auth:23.2.0] AndroidManifest.xml:39:27-75
132
133                <data
133-->src/main/AndroidManifest.xml:43:13-50
134                    android:host="firebase.auth"
135                    android:path="/"
136                    android:scheme="genericidp" />
137            </intent-filter>
138        </activity>
139        <activity
139-->[com.google.firebase:firebase-auth:23.2.0] AndroidManifest.xml:47:9-64:20
140            android:name="com.google.firebase.auth.internal.RecaptchaActivity"
140-->[com.google.firebase:firebase-auth:23.2.0] AndroidManifest.xml:48:13-79
141            android:excludeFromRecents="true"
141-->[com.google.firebase:firebase-auth:23.2.0] AndroidManifest.xml:49:13-46
142            android:exported="true"
142-->[com.google.firebase:firebase-auth:23.2.0] AndroidManifest.xml:50:13-36
143            android:launchMode="singleTask"
143-->[com.google.firebase:firebase-auth:23.2.0] AndroidManifest.xml:51:13-44
144            android:theme="@android:style/Theme.Translucent.NoTitleBar" >
144-->[com.google.firebase:firebase-auth:23.2.0] AndroidManifest.xml:52:13-72
145            <intent-filter>
145-->[com.google.firebase:firebase-auth:23.2.0] AndroidManifest.xml:53:13-63:29
146                <action android:name="android.intent.action.VIEW" />
146-->[com.google.firebase:firebase-auth:23.2.0] AndroidManifest.xml:36:17-69
146-->[com.google.firebase:firebase-auth:23.2.0] AndroidManifest.xml:36:25-66
147
148                <category android:name="android.intent.category.DEFAULT" />
148-->[com.google.firebase:firebase-auth:23.2.0] AndroidManifest.xml:38:17-76
148-->[com.google.firebase:firebase-auth:23.2.0] AndroidManifest.xml:38:27-73
149                <category android:name="android.intent.category.BROWSABLE" />
149-->[com.google.firebase:firebase-auth:23.2.0] AndroidManifest.xml:39:17-78
149-->[com.google.firebase:firebase-auth:23.2.0] AndroidManifest.xml:39:27-75
150
151                <data
151-->src/main/AndroidManifest.xml:43:13-50
152                    android:host="firebase.auth"
153                    android:path="/"
154                    android:scheme="recaptcha" />
155            </intent-filter>
156        </activity>
157
158        <provider
158-->[com.google.firebase:firebase-common:21.0.0] AndroidManifest.xml:23:9-28:39
159            android:name="com.google.firebase.provider.FirebaseInitProvider"
159-->[com.google.firebase:firebase-common:21.0.0] AndroidManifest.xml:24:13-77
160            android:authorities="com.example.note_app2.firebaseinitprovider"
160-->[com.google.firebase:firebase-common:21.0.0] AndroidManifest.xml:25:13-72
161            android:directBootAware="true"
161-->[com.google.firebase:firebase-common:21.0.0] AndroidManifest.xml:26:13-43
162            android:exported="false"
162-->[com.google.firebase:firebase-common:21.0.0] AndroidManifest.xml:27:13-37
163            android:initOrder="100" />
163-->[com.google.firebase:firebase-common:21.0.0] AndroidManifest.xml:28:13-36
164
165        <receiver
165-->[com.google.android.gms:play-services-measurement:22.4.0] AndroidManifest.xml:29:9-33:20
166            android:name="com.google.android.gms.measurement.AppMeasurementReceiver"
166-->[com.google.android.gms:play-services-measurement:22.4.0] AndroidManifest.xml:30:13-85
167            android:enabled="true"
167-->[com.google.android.gms:play-services-measurement:22.4.0] AndroidManifest.xml:31:13-35
168            android:exported="false" >
168-->[com.google.android.gms:play-services-measurement:22.4.0] AndroidManifest.xml:32:13-37
169        </receiver>
170
171        <service
171-->[com.google.android.gms:play-services-measurement:22.4.0] AndroidManifest.xml:35:9-38:40
172            android:name="com.google.android.gms.measurement.AppMeasurementService"
172-->[com.google.android.gms:play-services-measurement:22.4.0] AndroidManifest.xml:36:13-84
173            android:enabled="true"
173-->[com.google.android.gms:play-services-measurement:22.4.0] AndroidManifest.xml:37:13-35
174            android:exported="false" />
174-->[com.google.android.gms:play-services-measurement:22.4.0] AndroidManifest.xml:38:13-37
175        <service
175-->[com.google.android.gms:play-services-measurement:22.4.0] AndroidManifest.xml:39:9-43:72
176            android:name="com.google.android.gms.measurement.AppMeasurementJobService"
176-->[com.google.android.gms:play-services-measurement:22.4.0] AndroidManifest.xml:40:13-87
177            android:enabled="true"
177-->[com.google.android.gms:play-services-measurement:22.4.0] AndroidManifest.xml:41:13-35
178            android:exported="false"
178-->[com.google.android.gms:play-services-measurement:22.4.0] AndroidManifest.xml:42:13-37
179            android:permission="android.permission.BIND_JOB_SERVICE" />
179-->[com.google.android.gms:play-services-measurement:22.4.0] AndroidManifest.xml:43:13-69
180        <service
180-->[androidx.credentials:credentials-play-services-auth:1.2.0-rc01] AndroidManifest.xml:24:9-32:19
181            android:name="androidx.credentials.playservices.CredentialProviderMetadataHolder"
181-->[androidx.credentials:credentials-play-services-auth:1.2.0-rc01] AndroidManifest.xml:25:13-94
182            android:enabled="true"
182-->[androidx.credentials:credentials-play-services-auth:1.2.0-rc01] AndroidManifest.xml:26:13-35
183            android:exported="false" >
183-->[androidx.credentials:credentials-play-services-auth:1.2.0-rc01] AndroidManifest.xml:27:13-37
184            <meta-data
184-->[androidx.credentials:credentials-play-services-auth:1.2.0-rc01] AndroidManifest.xml:29:13-31:104
185                android:name="androidx.credentials.CREDENTIAL_PROVIDER_KEY"
185-->[androidx.credentials:credentials-play-services-auth:1.2.0-rc01] AndroidManifest.xml:30:17-76
186                android:value="androidx.credentials.playservices.CredentialProviderPlayServicesImpl" />
186-->[androidx.credentials:credentials-play-services-auth:1.2.0-rc01] AndroidManifest.xml:31:17-101
187        </service>
188
189        <activity
189-->[androidx.credentials:credentials-play-services-auth:1.2.0-rc01] AndroidManifest.xml:34:9-41:20
190            android:name="androidx.credentials.playservices.HiddenActivity"
190-->[androidx.credentials:credentials-play-services-auth:1.2.0-rc01] AndroidManifest.xml:35:13-76
191            android:configChanges="orientation|screenSize|screenLayout|keyboardHidden"
191-->[androidx.credentials:credentials-play-services-auth:1.2.0-rc01] AndroidManifest.xml:36:13-87
192            android:enabled="true"
192-->[androidx.credentials:credentials-play-services-auth:1.2.0-rc01] AndroidManifest.xml:37:13-35
193            android:exported="false"
193-->[androidx.credentials:credentials-play-services-auth:1.2.0-rc01] AndroidManifest.xml:38:13-37
194            android:fitsSystemWindows="true"
194-->[androidx.credentials:credentials-play-services-auth:1.2.0-rc01] AndroidManifest.xml:39:13-45
195            android:theme="@style/Theme.Hidden" >
195-->[androidx.credentials:credentials-play-services-auth:1.2.0-rc01] AndroidManifest.xml:40:13-48
196        </activity>
197        <activity
197-->[com.google.android.gms:play-services-auth:20.7.0] AndroidManifest.xml:23:9-27:75
198            android:name="com.google.android.gms.auth.api.signin.internal.SignInHubActivity"
198-->[com.google.android.gms:play-services-auth:20.7.0] AndroidManifest.xml:24:13-93
199            android:excludeFromRecents="true"
199-->[com.google.android.gms:play-services-auth:20.7.0] AndroidManifest.xml:25:13-46
200            android:exported="false"
200-->[com.google.android.gms:play-services-auth:20.7.0] AndroidManifest.xml:26:13-37
201            android:theme="@android:style/Theme.Translucent.NoTitleBar" />
201-->[com.google.android.gms:play-services-auth:20.7.0] AndroidManifest.xml:27:13-72
202        <!--
203            Service handling Google Sign-In user revocation. For apps that do not integrate with
204            Google Sign-In, this service will never be started.
205        -->
206        <service
206-->[com.google.android.gms:play-services-auth:20.7.0] AndroidManifest.xml:33:9-37:51
207            android:name="com.google.android.gms.auth.api.signin.RevocationBoundService"
207-->[com.google.android.gms:play-services-auth:20.7.0] AndroidManifest.xml:34:13-89
208            android:exported="true"
208-->[com.google.android.gms:play-services-auth:20.7.0] AndroidManifest.xml:35:13-36
209            android:permission="com.google.android.gms.auth.api.signin.permission.REVOCATION_NOTIFICATION"
209-->[com.google.android.gms:play-services-auth:20.7.0] AndroidManifest.xml:36:13-107
210            android:visibleToInstantApps="true" />
210-->[com.google.android.gms:play-services-auth:20.7.0] AndroidManifest.xml:37:13-48
211
212        <uses-library
212-->[androidx.window:window:1.2.0] AndroidManifest.xml:23:9-25:40
213            android:name="androidx.window.extensions"
213-->[androidx.window:window:1.2.0] AndroidManifest.xml:24:13-54
214            android:required="false" />
214-->[androidx.window:window:1.2.0] AndroidManifest.xml:25:13-37
215        <uses-library
215-->[androidx.window:window:1.2.0] AndroidManifest.xml:26:9-28:40
216            android:name="androidx.window.sidecar"
216-->[androidx.window:window:1.2.0] AndroidManifest.xml:27:13-51
217            android:required="false" />
217-->[androidx.window:window:1.2.0] AndroidManifest.xml:28:13-37
218        <uses-library
218-->[androidx.privacysandbox.ads:ads-adservices:1.1.0-beta11] AndroidManifest.xml:23:9-25:40
219            android:name="android.ext.adservices"
219-->[androidx.privacysandbox.ads:ads-adservices:1.1.0-beta11] AndroidManifest.xml:24:13-50
220            android:required="false" />
220-->[androidx.privacysandbox.ads:ads-adservices:1.1.0-beta11] AndroidManifest.xml:25:13-37
221
222        <activity
222-->[com.google.android.gms:play-services-base:18.5.0] AndroidManifest.xml:5:9-173
223            android:name="com.google.android.gms.common.api.GoogleApiActivity"
223-->[com.google.android.gms:play-services-base:18.5.0] AndroidManifest.xml:5:19-85
224            android:exported="false"
224-->[com.google.android.gms:play-services-base:18.5.0] AndroidManifest.xml:5:146-170
225            android:theme="@android:style/Theme.Translucent.NoTitleBar" />
225-->[com.google.android.gms:play-services-base:18.5.0] AndroidManifest.xml:5:86-145
226
227        <meta-data
227-->[com.google.android.gms:play-services-basement:18.5.0] AndroidManifest.xml:21:9-23:69
228            android:name="com.google.android.gms.version"
228-->[com.google.android.gms:play-services-basement:18.5.0] AndroidManifest.xml:22:13-58
229            android:value="@integer/google_play_services_version" />
229-->[com.google.android.gms:play-services-basement:18.5.0] AndroidManifest.xml:23:13-66
230
231        <provider
231-->[androidx.lifecycle:lifecycle-process:2.7.0] AndroidManifest.xml:24:9-32:20
232            android:name="androidx.startup.InitializationProvider"
232-->[androidx.lifecycle:lifecycle-process:2.7.0] AndroidManifest.xml:25:13-67
233            android:authorities="com.example.note_app2.androidx-startup"
233-->[androidx.lifecycle:lifecycle-process:2.7.0] AndroidManifest.xml:26:13-68
234            android:exported="false" >
234-->[androidx.lifecycle:lifecycle-process:2.7.0] AndroidManifest.xml:27:13-37
235            <meta-data
235-->[androidx.lifecycle:lifecycle-process:2.7.0] AndroidManifest.xml:29:13-31:52
236                android:name="androidx.lifecycle.ProcessLifecycleInitializer"
236-->[androidx.lifecycle:lifecycle-process:2.7.0] AndroidManifest.xml:30:17-78
237                android:value="androidx.startup" />
237-->[androidx.lifecycle:lifecycle-process:2.7.0] AndroidManifest.xml:31:17-49
238            <meta-data
238-->[androidx.profileinstaller:profileinstaller:1.3.1] AndroidManifest.xml:29:13-31:52
239                android:name="androidx.profileinstaller.ProfileInstallerInitializer"
239-->[androidx.profileinstaller:profileinstaller:1.3.1] AndroidManifest.xml:30:17-85
240                android:value="androidx.startup" />
240-->[androidx.profileinstaller:profileinstaller:1.3.1] AndroidManifest.xml:31:17-49
241        </provider>
242
243        <receiver
243-->[androidx.profileinstaller:profileinstaller:1.3.1] AndroidManifest.xml:34:9-52:20
244            android:name="androidx.profileinstaller.ProfileInstallReceiver"
244-->[androidx.profileinstaller:profileinstaller:1.3.1] AndroidManifest.xml:35:13-76
245            android:directBootAware="false"
245-->[androidx.profileinstaller:profileinstaller:1.3.1] AndroidManifest.xml:36:13-44
246            android:enabled="true"
246-->[androidx.profileinstaller:profileinstaller:1.3.1] AndroidManifest.xml:37:13-35
247            android:exported="true"
247-->[androidx.profileinstaller:profileinstaller:1.3.1] AndroidManifest.xml:38:13-36
248            android:permission="android.permission.DUMP" >
248-->[androidx.profileinstaller:profileinstaller:1.3.1] AndroidManifest.xml:39:13-57
249            <intent-filter>
249-->[androidx.profileinstaller:profileinstaller:1.3.1] AndroidManifest.xml:40:13-42:29
250                <action android:name="androidx.profileinstaller.action.INSTALL_PROFILE" />
250-->[androidx.profileinstaller:profileinstaller:1.3.1] AndroidManifest.xml:41:17-91
250-->[androidx.profileinstaller:profileinstaller:1.3.1] AndroidManifest.xml:41:25-88
251            </intent-filter>
252            <intent-filter>
252-->[androidx.profileinstaller:profileinstaller:1.3.1] AndroidManifest.xml:43:13-45:29
253                <action android:name="androidx.profileinstaller.action.SKIP_FILE" />
253-->[androidx.profileinstaller:profileinstaller:1.3.1] AndroidManifest.xml:44:17-85
253-->[androidx.profileinstaller:profileinstaller:1.3.1] AndroidManifest.xml:44:25-82
254            </intent-filter>
255            <intent-filter>
255-->[androidx.profileinstaller:profileinstaller:1.3.1] AndroidManifest.xml:46:13-48:29
256                <action android:name="androidx.profileinstaller.action.SAVE_PROFILE" />
256-->[androidx.profileinstaller:profileinstaller:1.3.1] AndroidManifest.xml:47:17-88
256-->[androidx.profileinstaller:profileinstaller:1.3.1] AndroidManifest.xml:47:25-85
257            </intent-filter>
258            <intent-filter>
258-->[androidx.profileinstaller:profileinstaller:1.3.1] AndroidManifest.xml:49:13-51:29
259                <action android:name="androidx.profileinstaller.action.BENCHMARK_OPERATION" />
259-->[androidx.profileinstaller:profileinstaller:1.3.1] AndroidManifest.xml:50:17-95
259-->[androidx.profileinstaller:profileinstaller:1.3.1] AndroidManifest.xml:50:25-92
260            </intent-filter>
261        </receiver> <!-- The activities will be merged into the manifest of the hosting app. -->
262        <activity
262-->[com.google.android.play:core-common:2.0.3] AndroidManifest.xml:14:9-18:65
263            android:name="com.google.android.play.core.common.PlayCoreDialogWrapperActivity"
263-->[com.google.android.play:core-common:2.0.3] AndroidManifest.xml:15:13-93
264            android:exported="false"
264-->[com.google.android.play:core-common:2.0.3] AndroidManifest.xml:16:13-37
265            android:stateNotNeeded="true"
265-->[com.google.android.play:core-common:2.0.3] AndroidManifest.xml:17:13-42
266            android:theme="@style/Theme.PlayCore.Transparent" />
266-->[com.google.android.play:core-common:2.0.3] AndroidManifest.xml:18:13-62
267    </application>
268
269</manifest>